#
# There is insufficient memory for the Java Runtime Environment to continue.
# Native memory allocation (mmap) failed to map 98566144 bytes. Error detail: G1 virtual space
# Possible reasons:
#   The system is out of physical RAM or swap space
#   This process is running with CompressedOops enabled, and the Java Heap may be blocking the growth of the native heap
# Possible solutions:
#   Reduce memory load on the system
#   Increase physical memory or swap space
#   Check if swap backing store is full
#   Decrease Java heap size (-Xmx/-Xms)
#   Decrease number of Java threads
#   Decrease Java thread stack sizes (-Xss)
#   Set larger code cache with -XX:ReservedCodeCacheSize=
#   JVM is running with Unscaled Compressed Oops mode in which the Java heap is
#     placed in the first 4GB address space. The Java Heap base address is the
#     maximum limit for the native heap growth. Please use -XX:HeapBaseMinAddress
#     to set the Java Heap base and to place the Java Heap above 4GB virtual address.
# This output file may be truncated or incomplete.
#
#  Out of Memory Error (os_windows.cpp:3828), pid=6904, tid=6752
#
# JRE version:  (21.0.5+8) (build )
# Java VM: OpenJDK 64-Bit Server VM (21.0.5+8-b631.30, mixed mode, sharing, tiered, compressed oops, compressed class ptrs, g1 gc, windows-amd64)
# No core dump will be written. Minidumps are not enabled by default on client versions of Windows
#

---------------  S U M M A R Y ------------

Command Line: git4idea.http.GitAskPassApp Username for 'https://github.com': 

Host: AMD Ryzen 5 5500U with Radeon Graphics         , 12 cores, 5G,  Windows 11 , 64 bit Build 22621 (10.0.22621.4830)
Time: Fri Mar  7 12:14:25 2025 GMT Standard Time elapsed time: 0.027551 seconds (0d 0h 0m 0s)

---------------  T H R E A D  ---------------

Current thread (0x0000026707b44af0):  JavaThread "Unknown thread" [_thread_in_vm, id=6752, stack(0x000000fa87d00000,0x000000fa87e00000) (1024K)]

Stack: [0x000000fa87d00000,0x000000fa87e00000]
Native frames: (J=compiled Java code, j=interpreted, Vv=VM code, C=native code)
V  [jvm.dll+0x6e52b9]
V  [jvm.dll+0x8c3633]
V  [jvm.dll+0x8c5b8e]
V  [jvm.dll+0x8c6273]
V  [jvm.dll+0x288f46]
V  [jvm.dll+0x6e1a35]
V  [jvm.dll+0x6d5e3a]
V  [jvm.dll+0x3634bb]
V  [jvm.dll+0x36b086]
V  [jvm.dll+0x3bd346]
V  [jvm.dll+0x3bd618]
V  [jvm.dll+0x335c2c]
V  [jvm.dll+0x33691b]
V  [jvm.dll+0x88aa89]
V  [jvm.dll+0x3ca518]
V  [jvm.dll+0x873b98]
V  [jvm.dll+0x45eede]
V  [jvm.dll+0x460bc1]
C  [jli.dll+0x52ab]
C  [ucrtbase.dll+0x29333]
C  [KERNEL32.DLL+0x1259d]
C  [ntdll.dll+0x5af38]


---------------  P R O C E S S  ---------------

Threads class SMR info:
_java_thread_list=0x00007ff943a8a148, length=0, elements={
}

Java Threads: ( => current thread )
Total: 0

Other Threads:
  0x0000026709dd3040 WorkerThread "GC Thread#0"                     [id=2756, stack(0x000000fa87e00000,0x000000fa87f00000) (1024K)]
  0x0000026709ddfaf0 ConcurrentGCThread "G1 Main Marker"            [id=4400, stack(0x000000fa87f00000,0x000000fa88000000) (1024K)]
  0x0000026709de06b0 WorkerThread "G1 Conc#0"                       [id=21864, stack(0x000000fa88000000,0x000000fa88100000) (1024K)]

[error occurred during error reporting (printing all threads), id 0xc0000005, EXCEPTION_ACCESS_VIOLATION (0xc0000005) at pc=0x00007ff943178ce7]
VM state: not at safepoint (not fully initialized)

VM Mutex/Monitor currently owned by a thread:  ([mutex/lock_event])
[0x00007ff943afeb30] Heap_lock - owner thread: 0x0000026707b44af0

Heap address: 0x00000000a2200000, size: 1502 MB, Compressed Oops mode: 32-bit

CDS archive(s) mapped at: [0x0000000000000000-0x0000000000000000-0x0000000000000000), size 0, SharedBaseAddress: 0x0000000800000000, ArchiveRelocationMode: 1.
Narrow klass base: 0x0000000000000000, Narrow klass shift: 0, Narrow klass range: 0x0

GC Precious Log:
 CardTable entry size: 512
 Card Set container configuration: InlinePtr #cards 5 size 8 Array Of Cards #cards 12 size 40 Howl #buckets 4 coarsen threshold 1843 Howl Bitmap #cards 512 size 80 coarsen threshold 460 Card regions per heap region 1 cards per card region 2048

Heap:
 garbage-first heap   total 0K, used 0K [0x00000000a2200000, 0x0000000100000000)
  region size 1024K, 0 young (0K), 0 survivors (0K)
 Metaspace       used 0K, committed 0K, reserved 0K
  class space    used 0K, committed 0K, reserved 0K

Heap Regions: E=young(eden), S=young(survivor), O=old, HS=humongous(starts), HC=humongous(continues), CS=collection set, F=free, TAMS=top-at-mark-start, PB=parsable bottom

Card table byte_map: [0x000002671d570000,0x000002671d860000] _byte_map_base: 0x000002671d05f000

Marking Bits: (CMBitMap*) 0x0000026709dd3650
 Bits: [0x000002671d860000, 0x000002671efd8000)

GC Heap History (0 events):
No events

Dll operation events (1 events):
Event: 0.017 Loaded shared library C:\Program Files\JetBrains\IntelliJ IDEA 2024.3.2.2\jbr\bin\java.dll

Deoptimization events (0 events):
No events

Classes loaded (0 events):
No events

Classes unloaded (0 events):
No events

Classes redefined (0 events):
No events

Internal exceptions (0 events):
No events

ZGC Phase Switch (0 events):
No events

VM Operations (0 events):
No events

Memory protections (0 events):
No events

Nmethod flushes (0 events):
No events

Events (0 events):
No events


Dynamic libraries:
0x00007ff714560000 - 0x00007ff71456a000 	C:\Program Files\JetBrains\IntelliJ IDEA 2024.3.2.2\jbr\bin\java.exe
0x00007ffa0b330000 - 0x00007ffa0b547000 	C:\WINDOWS\SYSTEM32\ntdll.dll
0x00007ffa09960000 - 0x00007ffa09a24000 	C:\WINDOWS\System32\KERNEL32.DLL
0x00007ffa08ab0000 - 0x00007ffa08e80000 	C:\WINDOWS\System32\KERNELBASE.dll
0x00007ffa08680000 - 0x00007ffa08791000 	C:\WINDOWS\System32\ucrtbase.dll
0x00007ff9e7d40000 - 0x00007ff9e7d58000 	C:\Program Files\JetBrains\IntelliJ IDEA 2024.3.2.2\jbr\bin\jli.dll
0x00007ff9f7f20000 - 0x00007ff9f7f3b000 	C:\Program Files\JetBrains\IntelliJ IDEA 2024.3.2.2\jbr\bin\VCRUNTIME140.dll
0x00007ffa0abc0000 - 0x00007ffa0ad6e000 	C:\WINDOWS\System32\USER32.dll
0x00007ffa08910000 - 0x00007ffa08936000 	C:\WINDOWS\System32\win32u.dll
0x00007ff9ecf60000 - 0x00007ff9ed1f2000 	C:\WINDOWS\WinSxS\amd64_microsoft.windows.common-controls_6595b64144ccf1df_6.0.22621.4830_none_270fe7d773858e80\COMCTL32.dll
0x00007ffa09cd0000 - 0x00007ffa09cf9000 	C:\WINDOWS\System32\GDI32.dll
0x00007ffa09370000 - 0x00007ffa09417000 	C:\WINDOWS\System32\msvcrt.dll
0x00007ffa08e80000 - 0x00007ffa08f9b000 	C:\WINDOWS\System32\gdi32full.dll
0x00007ffa085e0000 - 0x00007ffa0867a000 	C:\WINDOWS\System32\msvcp_win.dll
0x00007ffa0b2b0000 - 0x00007ffa0b2e1000 	C:\WINDOWS\System32\IMM32.DLL
0x00007ff9f8400000 - 0x00007ff9f840c000 	C:\Program Files\JetBrains\IntelliJ IDEA 2024.3.2.2\jbr\bin\vcruntime140_1.dll
0x00007ff9bf0d0000 - 0x00007ff9bf15d000 	C:\Program Files\JetBrains\IntelliJ IDEA 2024.3.2.2\jbr\bin\msvcp140.dll
0x00007ff942e30000 - 0x00007ff943bf1000 	C:\Program Files\JetBrains\IntelliJ IDEA 2024.3.2.2\jbr\bin\server\jvm.dll
0x00007ffa098a0000 - 0x00007ffa09951000 	C:\WINDOWS\System32\ADVAPI32.dll
0x00007ffa0a9e0000 - 0x00007ffa0aa87000 	C:\WINDOWS\System32\sechost.dll
0x00007ffa08820000 - 0x00007ffa08848000 	C:\WINDOWS\System32\bcrypt.dll
0x00007ffa0aaa0000 - 0x00007ffa0abb4000 	C:\WINDOWS\System32\RPCRT4.dll
0x00007ffa09a80000 - 0x00007ffa09af1000 	C:\WINDOWS\System32\WS2_32.dll
0x00007ffa084b0000 - 0x00007ffa084fd000 	C:\WINDOWS\SYSTEM32\POWRPROF.dll
0x00007ff9ff670000 - 0x00007ff9ff67a000 	C:\WINDOWS\SYSTEM32\VERSION.dll
0x00007ffa02e10000 - 0x00007ffa02e44000 	C:\WINDOWS\SYSTEM32\WINMM.dll
0x00007ffa08490000 - 0x00007ffa084a3000 	C:\WINDOWS\SYSTEM32\UMPDC.dll
0x00007ffa07620000 - 0x00007ffa07638000 	C:\WINDOWS\SYSTEM32\kernel.appcore.dll
0x00007ff9f82f0000 - 0x00007ff9f82fa000 	C:\Program Files\JetBrains\IntelliJ IDEA 2024.3.2.2\jbr\bin\jimage.dll
0x00007ffa05fd0000 - 0x00007ffa06202000 	C:\WINDOWS\SYSTEM32\DBGHELP.DLL
0x00007ffa0ad70000 - 0x00007ffa0b100000 	C:\WINDOWS\System32\combase.dll
0x00007ffa09ff0000 - 0x00007ffa0a0c7000 	C:\WINDOWS\System32\OLEAUT32.dll
0x00007ff9f6cf0000 - 0x00007ff9f6d22000 	C:\WINDOWS\SYSTEM32\dbgcore.DLL
0x00007ffa087a0000 - 0x00007ffa0881b000 	C:\WINDOWS\System32\bcryptPrimitives.dll
0x00007ff9ecc30000 - 0x00007ff9ecc50000 	C:\Program Files\JetBrains\IntelliJ IDEA 2024.3.2.2\jbr\bin\java.dll

dbghelp: loaded successfully - version: 4.0.5 - missing functions: none
symbol engine: initialized successfully - sym options: 0x614 - pdb path: .;C:\Program Files\JetBrains\IntelliJ IDEA 2024.3.2.2\jbr\bin;C:\WINDOWS\SYSTEM32;C:\WINDOWS\WinSxS\amd64_microsoft.windows.common-controls_6595b64144ccf1df_6.0.22621.4830_none_270fe7d773858e80;C:\Program Files\JetBrains\IntelliJ IDEA 2024.3.2.2\jbr\bin\server

VM Arguments:
java_command: git4idea.http.GitAskPassApp Username for 'https://github.com': 
java_class_path (initial): C:/Program Files/JetBrains/IntelliJ IDEA 2024.3.2.2/plugins/vcs-git/lib/git4idea-rt.jar;C:/Program Files/JetBrains/IntelliJ IDEA 2024.3.2.2/lib/externalProcess-rt.jar
Launcher Type: SUN_STANDARD

[Global flags]
     intx CICompilerCount                          = 4                                         {product} {ergonomic}
     uint ConcGCThreads                            = 3                                         {product} {ergonomic}
     uint G1ConcRefinementThreads                  = 10                                        {product} {ergonomic}
   size_t G1HeapRegionSize                         = 1048576                                   {product} {ergonomic}
    uintx GCDrainStackTargetSize                   = 64                                        {product} {ergonomic}
   size_t InitialHeapSize                          = 98566144                                  {product} {ergonomic}
   size_t MarkStackSize                            = 4194304                                   {product} {ergonomic}
   size_t MaxHeapSize                              = 1574961152                                {product} {ergonomic}
   size_t MinHeapDeltaBytes                        = 1048576                                   {product} {ergonomic}
   size_t MinHeapSize                              = 8388608                                   {product} {ergonomic}
    uintx NonNMethodCodeHeapSize                   = 5839372                                {pd product} {ergonomic}
    uintx NonProfiledCodeHeapSize                  = 122909434                              {pd product} {ergonomic}
    uintx ProfiledCodeHeapSize                     = 122909434                              {pd product} {ergonomic}
    uintx ReservedCodeCacheSize                    = 251658240                              {pd product} {ergonomic}
     bool SegmentedCodeCache                       = true                                      {product} {ergonomic}
   size_t SoftMaxHeapSize                          = 1574961152                             {manageable} {ergonomic}
     bool UseCompressedOops                        = true                           {product lp64_product} {ergonomic}
     bool UseG1GC                                  = true                                      {product} {ergonomic}
     bool UseLargePagesIndividualAllocation        = false                                  {pd product} {ergonomic}

Logging:
Log output configuration:
 #0: stdout all=warning uptime,level,tags foldmultilines=false
 #1: stderr all=off uptime,level,tags foldmultilines=false

Environment Variables:
PATH=C:\Program Files\Git\mingw64\libexec\git-core;C:\Program Files\Git\mingw64\libexec\git-core;C:\Program Files\Git\mingw64\bin;C:\Program Files\Git\usr\bin;C:\Users\thoma\bin;C:\Program Files\Common Files\Oracle\Java\javapath;C:\WINDOWS\system32;C:\WINDOWS;C:\WINDOWS\System32\Wbem;C:\WINDOWS\System32\WindowsPowerShell\v1.0;C:\WINDOWS\System32\OpenSSH;C:\Program Files\nodejs;C:\Program Files\dotnet;C:\Program Files\Git\cmd;C:\Users\thoma\.cargo\bin;C:\Users\thoma\AppData\Local\Programs\Python\Python310\Scripts;C:\Users\thoma\AppData\Local\Programs\Python\Python310;C:\Users\thoma\AppData\Local\Microsoft\WindowsApps;C:\Users\thoma\AppData\Local\Programs\Microsoft VS Code\bin;C:\Users\thoma\AppData\Roaming\npm;C:\Users\thoma\.deno\bin;C:\Users\thoma\AppData\Local\Microsoft\WindowsApps;C:\Users\thoma\.dotnet\tools;C:\Users\thoma\AppData\Local\JetBrains\Toolbox\scripts;C:\msys64\ucrt64\bin
USERNAME=thoma
DISPLAY=:0.0
LC_ALL=en_US.UTF-8
TERM=xterm-256color
TMPDIR=C:\Users\thoma\AppData\Local\Temp
OS=Windows_NT
PROCESSOR_IDENTIFIER=AMD64 Family 23 Model 104 Stepping 1, AuthenticAMD
TMP=C:\Users\thoma\AppData\Local\Temp
TEMP=C:\Users\thoma\AppData\Local\Temp




Periodic native trim disabled

JNI global refs:
JNI global refs: 0, weak refs: 0

JNI global refs memory usage: 0, weak refs: 0

Process memory usage:
Resident Set Size: 11688K (0% of 6149892K total physical memory with 484592K free physical memory)

OOME stack traces (most recent first):
Classloader memory used:

---------------  S Y S T E M  ---------------

OS:
 Windows 11 , 64 bit Build 22621 (10.0.22621.4830)
OS uptime: 15 days 20:50 hours

CPU: total 12 (initial active 12) (12 cores per cpu, 2 threads per core) family 23 model 104 stepping 1 microcode 0x0, cx8, cmov, fxsr, ht, mmx, 3dnowpref, sse, sse2, sse3, ssse3, sse4a, sse4.1, sse4.2, popcnt, lzcnt, tsc, tscinvbit, avx, avx2, aes, clmul, bmi1, bmi2, adx, sha, fma, vzeroupper, clflush, clflushopt, rdtscp, rdpid, f16c
Processor Information for processor 0
  Max Mhz: 2100, Current Mhz: 1893, Mhz Limit: 2100
Processor Information for processor 1
  Max Mhz: 2100, Current Mhz: 1893, Mhz Limit: 2100
Processor Information for processor 2
  Max Mhz: 2100, Current Mhz: 1893, Mhz Limit: 2100
Processor Information for processor 3
  Max Mhz: 2100, Current Mhz: 1813, Mhz Limit: 2100
Processor Information for processor 4
  Max Mhz: 2100, Current Mhz: 1893, Mhz Limit: 2100
Processor Information for processor 5
  Max Mhz: 2100, Current Mhz: 1893, Mhz Limit: 2100
Processor Information for processor 6
  Max Mhz: 2100, Current Mhz: 1813, Mhz Limit: 2100
Processor Information for processor 7
  Max Mhz: 2100, Current Mhz: 1813, Mhz Limit: 2100
Processor Information for processor 8
  Max Mhz: 2100, Current Mhz: 1813, Mhz Limit: 2100
Processor Information for processor 9
  Max Mhz: 2100, Current Mhz: 1813, Mhz Limit: 2100
Processor Information for processor 10
  Max Mhz: 2100, Current Mhz: 1813, Mhz Limit: 2100
Processor Information for processor 11
  Max Mhz: 2100, Current Mhz: 1813, Mhz Limit: 2100

Memory: 4k page, system-wide physical 6005M (473M free)
TotalPageFile size 24437M (AvailPageFile size 40M)
current process WorkingSet (physical memory assigned to process): 11M, peak: 11M
current process commit charge ("private bytes"): 64M, peak: 158M

vm_info: OpenJDK 64-Bit Server VM (21.0.5+8-b631.30) for windows-amd64 JRE (21.0.5+8-b631.30), built on 2024-12-06 by "builduser" with MS VC++ 16.10 / 16.11 (VS2019)

END.
