#
# There is insufficient memory for the Java Runtime Environment to continue.
# Native memory allocation (malloc) failed to allocate 32744 bytes for Chunk::new
# Possible reasons:
#   The system is out of physical RAM or swap space
#   The process is running with CompressedOops enabled, and the Java Heap may be blocking the growth of the native heap
# Possible solutions:
#   Reduce memory load on the system
#   Increase physical memory or swap space
#   Check if swap backing store is full
#   Decrease Java heap size (-Xmx/-Xms)
#   Decrease number of Java threads
#   Decrease Java thread stack sizes (-Xss)
#   Set larger code cache with -XX:ReservedCodeCacheSize=
#   JVM is running with Unscaled Compressed Oops mode in which the Java heap is
#     placed in the first 4GB address space. The Java Heap base address is the
#     maximum limit for the native heap growth. Please use -XX:HeapBaseMinAddress
#     to set the Java Heap base and to place the Java Heap above 4GB virtual address.
# This output file may be truncated or incomplete.
#
#  Out of Memory Error (arena.cpp:184), pid=13316, tid=28588
#
# JRE version: Java(TM) SE Runtime Environment (18.0.2.1+1) (build 18.0.2.1+1-1)
# Java VM: Java HotSpot(TM) 64-Bit Server VM (18.0.2.1+1-1, mixed mode, sharing, tiered, compressed oops, compressed class ptrs, g1 gc, windows-amd64)
# No core dump will be written. Minidumps are not enabled by default on client versions of Windows
#

---------------  S U M M A R Y ------------

Command Line: -javaagent:C:\Program Files\JetBrains\IntelliJ IDEA 2024.3.2.2\lib\idea_rt.jar=55620:C:\Program Files\JetBrains\IntelliJ IDEA 2024.3.2.2\bin -Dfile.encoding=UTF-8 -Dsun.stdout.encoding=UTF-8 -Dsun.stderr.encoding=UTF-8 ReportingIO

Host: AMD Ryzen 5 5500U with Radeon Graphics         , 12 cores, 5G,  Windows 11 , 64 bit Build 22621 (10.0.22621.4830)
Time: Fri Mar  7 11:21:59 2025 GMT Standard Time elapsed time: 98.780918 seconds (0d 0h 1m 38s)

---------------  T H R E A D  ---------------

Current thread (0x000002768f15ea60):  JavaThread "C2 CompilerThread0" daemon [_thread_in_native, id=28588, stack(0x0000008d1a500000,0x0000008d1a600000)]


Current CompileTask:
C2:  98781 1450   !   4       java.io.ObjectInputStream$BlockDataInputStream::readUTFSpan (502 bytes)

Stack: [0x0000008d1a500000,0x0000008d1a600000]
Native frames: (J=compiled Java code, j=interpreted, Vv=VM code, C=native code)
V  [jvm.dll+0x6993aa]
V  [jvm.dll+0x7f46dd]
V  [jvm.dll+0x7f5fee]
V  [jvm.dll+0x7f66a3]
V  [jvm.dll+0x25cf1f]
V  [jvm.dll+0xb8c2f]
V  [jvm.dll+0xb8fa5]
V  [jvm.dll+0x6c24aa]
V  [jvm.dll+0x1d2e24]
V  [jvm.dll+0x230259]
V  [jvm.dll+0x22f4d1]
V  [jvm.dll+0x1ba01c]
V  [jvm.dll+0x23ee0a]
V  [jvm.dll+0x23d0f5]
V  [jvm.dll+0x7a6dd1]
V  [jvm.dll+0x7a120a]
V  [jvm.dll+0x698255]
C  [ucrtbase.dll+0x29333]
C  [KERNEL32.DLL+0x1259d]
C  [ntdll.dll+0x5af38]


---------------  P R O C E S S  ---------------

Threads class SMR info:
_java_thread_list=0x0000027693bac5a0, length=17, elements={
0x00000276f1e910d0, 0x000002768f13c4e0, 0x000002768f13d140, 0x000002768f151160,
0x000002768f153b10, 0x000002768f15c4d0, 0x000002768f15ce70, 0x000002768f15ea60,
0x000002768f15f350, 0x000002768f15fc40, 0x0000027693470cf0, 0x0000027693508190,
0x0000027693508a50, 0x00000276937cb050, 0x0000027693bf7fe0, 0x0000027693becfe0,
0x0000027693bf5b60
}

Java Threads: ( => current thread )
  0x00000276f1e910d0 JavaThread "main" [_thread_in_native, id=24028, stack(0x0000008d19800000,0x0000008d19900000)]
  0x000002768f13c4e0 JavaThread "Reference Handler" daemon [_thread_blocked, id=29500, stack(0x0000008d19f00000,0x0000008d1a000000)]
  0x000002768f13d140 JavaThread "Finalizer" daemon [_thread_blocked, id=7692, stack(0x0000008d1a000000,0x0000008d1a100000)]
  0x000002768f151160 JavaThread "Signal Dispatcher" daemon [_thread_blocked, id=24384, stack(0x0000008d1a100000,0x0000008d1a200000)]
  0x000002768f153b10 JavaThread "Attach Listener" daemon [_thread_blocked, id=29984, stack(0x0000008d1a200000,0x0000008d1a300000)]
  0x000002768f15c4d0 JavaThread "Service Thread" daemon [_thread_blocked, id=22520, stack(0x0000008d1a300000,0x0000008d1a400000)]
  0x000002768f15ce70 JavaThread "Monitor Deflation Thread" daemon [_thread_blocked, id=17480, stack(0x0000008d1a400000,0x0000008d1a500000)]
=>0x000002768f15ea60 JavaThread "C2 CompilerThread0" daemon [_thread_in_native, id=28588, stack(0x0000008d1a500000,0x0000008d1a600000)]
  0x000002768f15f350 JavaThread "C1 CompilerThread0" daemon [_thread_blocked, id=28824, stack(0x0000008d1a600000,0x0000008d1a700000)]
  0x000002768f15fc40 JavaThread "Sweeper thread" daemon [_thread_blocked, id=1268, stack(0x0000008d1a700000,0x0000008d1a800000)]
  0x0000027693470cf0 JavaThread "Common-Cleaner" daemon [_thread_blocked, id=5456, stack(0x0000008d1a800000,0x0000008d1a900000)]
  0x0000027693508190 JavaThread "Monitor Ctrl-Break" daemon [_thread_in_native, id=16892, stack(0x0000008d1a900000,0x0000008d1aa00000)]
  0x0000027693508a50 JavaThread "Notification Thread" daemon [_thread_blocked, id=23092, stack(0x0000008d1aa00000,0x0000008d1ab00000)]
  0x00000276937cb050 JavaThread "RMI TCP Accept-0" daemon [_thread_in_native, id=14920, stack(0x0000008d1ac00000,0x0000008d1ad00000)]
  0x0000027693bf7fe0 JavaThread "RMI TCP Connection(1)-10.58.4.149" daemon [_thread_in_native, id=26000, stack(0x0000008d1ad00000,0x0000008d1ae00000)]
  0x0000027693becfe0 JavaThread "RMI Scheduler(0)" daemon [_thread_blocked, id=30924, stack(0x0000008d1ae00000,0x0000008d1af00000)]
  0x0000027693bf5b60 JavaThread "JMX server connection timeout 20" daemon [_thread_blocked, id=31360, stack(0x0000008d1af00000,0x0000008d1b000000)]

Other Threads:
  0x00000276f1efbd00 VMThread "VM Thread" [stack: 0x0000008d19e00000,0x0000008d19f00000] [id=26240]
  0x0000027693509ba0 WatcherThread "VM Periodic Task Thread" [stack: 0x0000008d1ab00000,0x0000008d1ac00000] [id=30936]
  0x00000276f1ee3ea0 WorkerThread "GC Thread#0" [stack: 0x0000008d19900000,0x0000008d19a00000] [id=1924]
  0x00000276f1ef0990 ConcurrentGCThread "G1 Main Marker" [stack: 0x0000008d19a00000,0x0000008d19b00000] [id=12524]
  0x00000276f1ef1380 WorkerThread "G1 Conc#0" [stack: 0x0000008d19b00000,0x0000008d19c00000] [id=31716]
  0x00000276f1f43e10 ConcurrentGCThread "G1 Refine#0" [stack: 0x0000008d19c00000,0x0000008d19d00000] [id=20692]
  0x00000276f1f44720 ConcurrentGCThread "G1 Service" [stack: 0x0000008d19d00000,0x0000008d19e00000] [id=23072]

Threads with active compile tasks:
C2 CompilerThread0    98849 1450   !   4       java.io.ObjectInputStream$BlockDataInputStream::readUTFSpan (502 bytes)

VM state: not at safepoint (normal execution)

VM Mutex/Monitor currently owned by a thread: None

Heap address: 0x00000000a2200000, size: 1502 MB, Compressed Oops mode: 32-bit

CDS archive(s) mapped at: [0x0000000800000000-0x0000000800ba0000-0x0000000800ba0000), size 12189696, SharedBaseAddress: 0x0000000800000000, ArchiveRelocationMode: 0.
Compressed class space mapped at: 0x0000000800c00000-0x0000000840c00000, reserved size: 1073741824
Narrow klass base: 0x0000000800000000, Narrow klass shift: 0, Narrow klass range: 0x100000000

GC Precious Log:
 CardTable entry size: 512
 Card Set container configuration: InlinePtr #cards 5 size 8 Array Of Cards #cards 12 size 40 Howl #buckets 4 coarsen threshold 1843 Howl Bitmap #cards 512 size 80 coarsen threshold 460 Card regions per heap region 1 cards per card region 2048
 CPUs: 12 total, 12 available
 Memory: 6005M
 Large Page Support: Disabled
 NUMA Support: Disabled
 Compressed Oops: Enabled (32-bit)
 Heap Region Size: 1M
 Heap Min Capacity: 8M
 Heap Initial Capacity: 94M
 Heap Max Capacity: 1502M
 Pre-touch: Disabled
 Parallel Workers: 10
 Concurrent Workers: 3
 Concurrent Refinement Workers: 10
 Periodic GC: Disabled

Heap:
 garbage-first heap   total 96256K, used 13312K [0x00000000a2200000, 0x0000000100000000)
  region size 1024K, 14 young (14336K), 0 survivors (0K)
 Metaspace       used 6529K, committed 6848K, reserved 1114112K
  class space    used 680K, committed 832K, reserved 1048576K

Heap Regions: E=young(eden), S=young(survivor), O=old, HS=humongous(starts), HC=humongous(continues), CS=collection set, F=free, OA=open archive, CA=closed archive, TAMS=top-at-mark-start (previous, next)
|   0|0x00000000a2200000, 0x00000000a2200000, 0x00000000a2300000|  0%| F|  |TAMS 0x00000000a2200000, 0x00000000a2200000| Untracked 
|   1|0x00000000a2300000, 0x00000000a2300000, 0x00000000a2400000|  0%| F|  |TAMS 0x00000000a2300000, 0x00000000a2300000| Untracked 
|   2|0x00000000a2400000, 0x00000000a2400000, 0x00000000a2500000|  0%| F|  |TAMS 0x00000000a2400000, 0x00000000a2400000| Untracked 
|   3|0x00000000a2500000, 0x00000000a2500000, 0x00000000a2600000|  0%| F|  |TAMS 0x00000000a2500000, 0x00000000a2500000| Untracked 
|   4|0x00000000a2600000, 0x00000000a2600000, 0x00000000a2700000|  0%| F|  |TAMS 0x00000000a2600000, 0x00000000a2600000| Untracked 
|   5|0x00000000a2700000, 0x00000000a2700000, 0x00000000a2800000|  0%| F|  |TAMS 0x00000000a2700000, 0x00000000a2700000| Untracked 
|   6|0x00000000a2800000, 0x00000000a2800000, 0x00000000a2900000|  0%| F|  |TAMS 0x00000000a2800000, 0x00000000a2800000| Untracked 
|   7|0x00000000a2900000, 0x00000000a2900000, 0x00000000a2a00000|  0%| F|  |TAMS 0x00000000a2900000, 0x00000000a2900000| Untracked 
|   8|0x00000000a2a00000, 0x00000000a2a00000, 0x00000000a2b00000|  0%| F|  |TAMS 0x00000000a2a00000, 0x00000000a2a00000| Untracked 
|   9|0x00000000a2b00000, 0x00000000a2b00000, 0x00000000a2c00000|  0%| F|  |TAMS 0x00000000a2b00000, 0x00000000a2b00000| Untracked 
|  10|0x00000000a2c00000, 0x00000000a2c00000, 0x00000000a2d00000|  0%| F|  |TAMS 0x00000000a2c00000, 0x00000000a2c00000| Untracked 
|  11|0x00000000a2d00000, 0x00000000a2d00000, 0x00000000a2e00000|  0%| F|  |TAMS 0x00000000a2d00000, 0x00000000a2d00000| Untracked 
|  12|0x00000000a2e00000, 0x00000000a2e00000, 0x00000000a2f00000|  0%| F|  |TAMS 0x00000000a2e00000, 0x00000000a2e00000| Untracked 
|  13|0x00000000a2f00000, 0x00000000a2f00000, 0x00000000a3000000|  0%| F|  |TAMS 0x00000000a2f00000, 0x00000000a2f00000| Untracked 
|  14|0x00000000a3000000, 0x00000000a3000000, 0x00000000a3100000|  0%| F|  |TAMS 0x00000000a3000000, 0x00000000a3000000| Untracked 
|  15|0x00000000a3100000, 0x00000000a3100000, 0x00000000a3200000|  0%| F|  |TAMS 0x00000000a3100000, 0x00000000a3100000| Untracked 
|  16|0x00000000a3200000, 0x00000000a3200000, 0x00000000a3300000|  0%| F|  |TAMS 0x00000000a3200000, 0x00000000a3200000| Untracked 
|  17|0x00000000a3300000, 0x00000000a3300000, 0x00000000a3400000|  0%| F|  |TAMS 0x00000000a3300000, 0x00000000a3300000| Untracked 
|  18|0x00000000a3400000, 0x00000000a3400000, 0x00000000a3500000|  0%| F|  |TAMS 0x00000000a3400000, 0x00000000a3400000| Untracked 
|  19|0x00000000a3500000, 0x00000000a3500000, 0x00000000a3600000|  0%| F|  |TAMS 0x00000000a3500000, 0x00000000a3500000| Untracked 
|  20|0x00000000a3600000, 0x00000000a3600000, 0x00000000a3700000|  0%| F|  |TAMS 0x00000000a3600000, 0x00000000a3600000| Untracked 
|  21|0x00000000a3700000, 0x00000000a3700000, 0x00000000a3800000|  0%| F|  |TAMS 0x00000000a3700000, 0x00000000a3700000| Untracked 
|  22|0x00000000a3800000, 0x00000000a3800000, 0x00000000a3900000|  0%| F|  |TAMS 0x00000000a3800000, 0x00000000a3800000| Untracked 
|  23|0x00000000a3900000, 0x00000000a3900000, 0x00000000a3a00000|  0%| F|  |TAMS 0x00000000a3900000, 0x00000000a3900000| Untracked 
|  24|0x00000000a3a00000, 0x00000000a3a00000, 0x00000000a3b00000|  0%| F|  |TAMS 0x00000000a3a00000, 0x00000000a3a00000| Untracked 
|  25|0x00000000a3b00000, 0x00000000a3b00000, 0x00000000a3c00000|  0%| F|  |TAMS 0x00000000a3b00000, 0x00000000a3b00000| Untracked 
|  26|0x00000000a3c00000, 0x00000000a3c00000, 0x00000000a3d00000|  0%| F|  |TAMS 0x00000000a3c00000, 0x00000000a3c00000| Untracked 
|  27|0x00000000a3d00000, 0x00000000a3d00000, 0x00000000a3e00000|  0%| F|  |TAMS 0x00000000a3d00000, 0x00000000a3d00000| Untracked 
|  28|0x00000000a3e00000, 0x00000000a3e00000, 0x00000000a3f00000|  0%| F|  |TAMS 0x00000000a3e00000, 0x00000000a3e00000| Untracked 
|  29|0x00000000a3f00000, 0x00000000a3f00000, 0x00000000a4000000|  0%| F|  |TAMS 0x00000000a3f00000, 0x00000000a3f00000| Untracked 
|  30|0x00000000a4000000, 0x00000000a4000000, 0x00000000a4100000|  0%| F|  |TAMS 0x00000000a4000000, 0x00000000a4000000| Untracked 
|  31|0x00000000a4100000, 0x00000000a4100000, 0x00000000a4200000|  0%| F|  |TAMS 0x00000000a4100000, 0x00000000a4100000| Untracked 
|  32|0x00000000a4200000, 0x00000000a4200000, 0x00000000a4300000|  0%| F|  |TAMS 0x00000000a4200000, 0x00000000a4200000| Untracked 
|  33|0x00000000a4300000, 0x00000000a4300000, 0x00000000a4400000|  0%| F|  |TAMS 0x00000000a4300000, 0x00000000a4300000| Untracked 
|  34|0x00000000a4400000, 0x00000000a4400000, 0x00000000a4500000|  0%| F|  |TAMS 0x00000000a4400000, 0x00000000a4400000| Untracked 
|  35|0x00000000a4500000, 0x00000000a4500000, 0x00000000a4600000|  0%| F|  |TAMS 0x00000000a4500000, 0x00000000a4500000| Untracked 
|  36|0x00000000a4600000, 0x00000000a4600000, 0x00000000a4700000|  0%| F|  |TAMS 0x00000000a4600000, 0x00000000a4600000| Untracked 
|  37|0x00000000a4700000, 0x00000000a4700000, 0x00000000a4800000|  0%| F|  |TAMS 0x00000000a4700000, 0x00000000a4700000| Untracked 
|  38|0x00000000a4800000, 0x00000000a4800000, 0x00000000a4900000|  0%| F|  |TAMS 0x00000000a4800000, 0x00000000a4800000| Untracked 
|  39|0x00000000a4900000, 0x00000000a4900000, 0x00000000a4a00000|  0%| F|  |TAMS 0x00000000a4900000, 0x00000000a4900000| Untracked 
|  40|0x00000000a4a00000, 0x00000000a4a00000, 0x00000000a4b00000|  0%| F|  |TAMS 0x00000000a4a00000, 0x00000000a4a00000| Untracked 
|  41|0x00000000a4b00000, 0x00000000a4b00000, 0x00000000a4c00000|  0%| F|  |TAMS 0x00000000a4b00000, 0x00000000a4b00000| Untracked 
|  42|0x00000000a4c00000, 0x00000000a4c00000, 0x00000000a4d00000|  0%| F|  |TAMS 0x00000000a4c00000, 0x00000000a4c00000| Untracked 
|  43|0x00000000a4d00000, 0x00000000a4d00000, 0x00000000a4e00000|  0%| F|  |TAMS 0x00000000a4d00000, 0x00000000a4d00000| Untracked 
|  44|0x00000000a4e00000, 0x00000000a4e00000, 0x00000000a4f00000|  0%| F|  |TAMS 0x00000000a4e00000, 0x00000000a4e00000| Untracked 
|  45|0x00000000a4f00000, 0x00000000a4f00000, 0x00000000a5000000|  0%| F|  |TAMS 0x00000000a4f00000, 0x00000000a4f00000| Untracked 
|  46|0x00000000a5000000, 0x00000000a5000000, 0x00000000a5100000|  0%| F|  |TAMS 0x00000000a5000000, 0x00000000a5000000| Untracked 
|  47|0x00000000a5100000, 0x00000000a5100000, 0x00000000a5200000|  0%| F|  |TAMS 0x00000000a5100000, 0x00000000a5100000| Untracked 
|  48|0x00000000a5200000, 0x00000000a5200000, 0x00000000a5300000|  0%| F|  |TAMS 0x00000000a5200000, 0x00000000a5200000| Untracked 
|  49|0x00000000a5300000, 0x00000000a5300000, 0x00000000a5400000|  0%| F|  |TAMS 0x00000000a5300000, 0x00000000a5300000| Untracked 
|  50|0x00000000a5400000, 0x00000000a5400000, 0x00000000a5500000|  0%| F|  |TAMS 0x00000000a5400000, 0x00000000a5400000| Untracked 
|  51|0x00000000a5500000, 0x00000000a5500000, 0x00000000a5600000|  0%| F|  |TAMS 0x00000000a5500000, 0x00000000a5500000| Untracked 
|  52|0x00000000a5600000, 0x00000000a5600000, 0x00000000a5700000|  0%| F|  |TAMS 0x00000000a5600000, 0x00000000a5600000| Untracked 
|  53|0x00000000a5700000, 0x00000000a5700000, 0x00000000a5800000|  0%| F|  |TAMS 0x00000000a5700000, 0x00000000a5700000| Untracked 
|  54|0x00000000a5800000, 0x00000000a5800000, 0x00000000a5900000|  0%| F|  |TAMS 0x00000000a5800000, 0x00000000a5800000| Untracked 
|  55|0x00000000a5900000, 0x00000000a5900000, 0x00000000a5a00000|  0%| F|  |TAMS 0x00000000a5900000, 0x00000000a5900000| Untracked 
|  56|0x00000000a5a00000, 0x00000000a5a00000, 0x00000000a5b00000|  0%| F|  |TAMS 0x00000000a5a00000, 0x00000000a5a00000| Untracked 
|  57|0x00000000a5b00000, 0x00000000a5b00000, 0x00000000a5c00000|  0%| F|  |TAMS 0x00000000a5b00000, 0x00000000a5b00000| Untracked 
|  58|0x00000000a5c00000, 0x00000000a5c00000, 0x00000000a5d00000|  0%| F|  |TAMS 0x00000000a5c00000, 0x00000000a5c00000| Untracked 
|  59|0x00000000a5d00000, 0x00000000a5d00000, 0x00000000a5e00000|  0%| F|  |TAMS 0x00000000a5d00000, 0x00000000a5d00000| Untracked 
|  60|0x00000000a5e00000, 0x00000000a5e00000, 0x00000000a5f00000|  0%| F|  |TAMS 0x00000000a5e00000, 0x00000000a5e00000| Untracked 
|  61|0x00000000a5f00000, 0x00000000a5f00000, 0x00000000a6000000|  0%| F|  |TAMS 0x00000000a5f00000, 0x00000000a5f00000| Untracked 
|  62|0x00000000a6000000, 0x00000000a6000000, 0x00000000a6100000|  0%| F|  |TAMS 0x00000000a6000000, 0x00000000a6000000| Untracked 
|  63|0x00000000a6100000, 0x00000000a6100000, 0x00000000a6200000|  0%| F|  |TAMS 0x00000000a6100000, 0x00000000a6100000| Untracked 
|  64|0x00000000a6200000, 0x00000000a6200000, 0x00000000a6300000|  0%| F|  |TAMS 0x00000000a6200000, 0x00000000a6200000| Untracked 
|  65|0x00000000a6300000, 0x00000000a6300000, 0x00000000a6400000|  0%| F|  |TAMS 0x00000000a6300000, 0x00000000a6300000| Untracked 
|  66|0x00000000a6400000, 0x00000000a6400000, 0x00000000a6500000|  0%| F|  |TAMS 0x00000000a6400000, 0x00000000a6400000| Untracked 
|  67|0x00000000a6500000, 0x00000000a6500000, 0x00000000a6600000|  0%| F|  |TAMS 0x00000000a6500000, 0x00000000a6500000| Untracked 
|  68|0x00000000a6600000, 0x00000000a6600000, 0x00000000a6700000|  0%| F|  |TAMS 0x00000000a6600000, 0x00000000a6600000| Untracked 
|  69|0x00000000a6700000, 0x00000000a6700000, 0x00000000a6800000|  0%| F|  |TAMS 0x00000000a6700000, 0x00000000a6700000| Untracked 
|  70|0x00000000a6800000, 0x00000000a6800000, 0x00000000a6900000|  0%| F|  |TAMS 0x00000000a6800000, 0x00000000a6800000| Untracked 
|  71|0x00000000a6900000, 0x00000000a6900000, 0x00000000a6a00000|  0%| F|  |TAMS 0x00000000a6900000, 0x00000000a6900000| Untracked 
|  72|0x00000000a6a00000, 0x00000000a6a00000, 0x00000000a6b00000|  0%| F|  |TAMS 0x00000000a6a00000, 0x00000000a6a00000| Untracked 
|  73|0x00000000a6b00000, 0x00000000a6b00000, 0x00000000a6c00000|  0%| F|  |TAMS 0x00000000a6b00000, 0x00000000a6b00000| Untracked 
|  74|0x00000000a6c00000, 0x00000000a6c00000, 0x00000000a6d00000|  0%| F|  |TAMS 0x00000000a6c00000, 0x00000000a6c00000| Untracked 
|  75|0x00000000a6d00000, 0x00000000a6d00000, 0x00000000a6e00000|  0%| F|  |TAMS 0x00000000a6d00000, 0x00000000a6d00000| Untracked 
|  76|0x00000000a6e00000, 0x00000000a6e00000, 0x00000000a6f00000|  0%| F|  |TAMS 0x00000000a6e00000, 0x00000000a6e00000| Untracked 
|  77|0x00000000a6f00000, 0x00000000a6f00000, 0x00000000a7000000|  0%| F|  |TAMS 0x00000000a6f00000, 0x00000000a6f00000| Untracked 
|  78|0x00000000a7000000, 0x00000000a7000000, 0x00000000a7100000|  0%| F|  |TAMS 0x00000000a7000000, 0x00000000a7000000| Untracked 
|  79|0x00000000a7100000, 0x00000000a7100000, 0x00000000a7200000|  0%| F|  |TAMS 0x00000000a7100000, 0x00000000a7100000| Untracked 
|  80|0x00000000a7200000, 0x00000000a7276638, 0x00000000a7300000| 46%| E|  |TAMS 0x00000000a7200000, 0x00000000a7200000| Complete 
|  81|0x00000000a7300000, 0x00000000a7400000, 0x00000000a7400000|100%| E|CS|TAMS 0x00000000a7300000, 0x00000000a7300000| Complete 
|  82|0x00000000a7400000, 0x00000000a7500000, 0x00000000a7500000|100%| E|CS|TAMS 0x00000000a7400000, 0x00000000a7400000| Complete 
|  83|0x00000000a7500000, 0x00000000a7600000, 0x00000000a7600000|100%| E|CS|TAMS 0x00000000a7500000, 0x00000000a7500000| Complete 
|  84|0x00000000a7600000, 0x00000000a7700000, 0x00000000a7700000|100%| E|CS|TAMS 0x00000000a7600000, 0x00000000a7600000| Complete 
|  85|0x00000000a7700000, 0x00000000a7800000, 0x00000000a7800000|100%| E|CS|TAMS 0x00000000a7700000, 0x00000000a7700000| Complete 
|  86|0x00000000a7800000, 0x00000000a7900000, 0x00000000a7900000|100%| E|CS|TAMS 0x00000000a7800000, 0x00000000a7800000| Complete 
|  87|0x00000000a7900000, 0x00000000a7a00000, 0x00000000a7a00000|100%| E|CS|TAMS 0x00000000a7900000, 0x00000000a7900000| Complete 
|  88|0x00000000a7a00000, 0x00000000a7b00000, 0x00000000a7b00000|100%| E|CS|TAMS 0x00000000a7a00000, 0x00000000a7a00000| Complete 
|  89|0x00000000a7b00000, 0x00000000a7c00000, 0x00000000a7c00000|100%| E|CS|TAMS 0x00000000a7b00000, 0x00000000a7b00000| Complete 
|  90|0x00000000a7c00000, 0x00000000a7d00000, 0x00000000a7d00000|100%| E|CS|TAMS 0x00000000a7c00000, 0x00000000a7c00000| Complete 
|  91|0x00000000a7d00000, 0x00000000a7e00000, 0x00000000a7e00000|100%| E|CS|TAMS 0x00000000a7d00000, 0x00000000a7d00000| Complete 
|  92|0x00000000a7e00000, 0x00000000a7f00000, 0x00000000a7f00000|100%| E|CS|TAMS 0x00000000a7e00000, 0x00000000a7e00000| Complete 
|  93|0x00000000a7f00000, 0x00000000a8000000, 0x00000000a8000000|100%| E|CS|TAMS 0x00000000a7f00000, 0x00000000a7f00000| Complete 

Card table byte_map: [0x00000276fa000000,0x00000276fa2f0000] _byte_map_base: 0x00000276f9aef000

Marking Bits (Prev, Next): (CMBitMap*) 0x00000276f1ee44a0, (CMBitMap*) 0x00000276f1ee44e0
 Prev Bits: [0x00000276fa5e0000, 0x00000276fbd58000)
 Next Bits: [0x00000276fbd60000, 0x00000276fd4d8000)

Polling page: 0x00000276f1650000

Metaspace:

Usage:
  Non-class:      5.71 MB used.
      Class:    680.03 KB used.
       Both:      6.38 MB used.

Virtual space:
  Non-class space:       64.00 MB reserved,       5.88 MB (  9%) committed,  1 nodes.
      Class space:        1.00 GB reserved,     832.00 KB ( <1%) committed,  1 nodes.
             Both:        1.06 GB reserved,       6.69 MB ( <1%) committed. 

Chunk freelists:
   Non-Class:  2.16 MB
       Class:  3.16 MB
        Both:  5.33 MB

MaxMetaspaceSize: unlimited
CompressedClassSpaceSize: 1.00 GB
Initial GC threshold: 21.00 MB
Current GC threshold: 21.00 MB
CDS: on
MetaspaceReclaimPolicy: balanced
 - commit_granule_bytes: 65536.
 - commit_granule_words: 8192.
 - virtual_space_node_default_size: 8388608.
 - enlarge_chunks_in_place: 1.
 - new_chunks_are_fully_committed: 0.
 - uncommit_free_chunks: 1.
 - use_allocation_guard: 0.


Internal statistics:

num_allocs_failed_limit: 0.
num_arena_births: 268.
num_arena_deaths: 0.
num_vsnodes_births: 2.
num_vsnodes_deaths: 0.
num_space_committed: 107.
num_space_uncommitted: 0.
num_chunks_returned_to_freelist: 0.
num_chunks_taken_from_freelist: 324.
num_chunk_merges: 0.
num_chunk_splits: 204.
num_chunks_enlarged: 107.
num_inconsistent_stats: 0.

CodeHeap 'non-profiled nmethods': size=120000Kb used=378Kb max_used=378Kb free=119621Kb
 bounds [0x0000027687ad0000, 0x0000027687d40000, 0x000002768f000000]
CodeHeap 'profiled nmethods': size=120000Kb used=2644Kb max_used=2644Kb free=117355Kb
 bounds [0x00000276805a0000, 0x0000027680840000, 0x0000027687ad0000]
CodeHeap 'non-nmethods': size=5760Kb used=1187Kb max_used=1209Kb free=4572Kb
 bounds [0x0000027680000000, 0x0000027680270000, 0x00000276805a0000]
 total_blobs=1923 nmethods=1449 adapters=387
 compilation: enabled
              stopped_count=0, restarted_count=0
 full_count=0

Compilation events (20 events):
Event: 93.222 Thread 0x000002768f15ea60 nmethod 1439 0x0000027687b2db90 code [0x0000027687b2dd20, 0x0000027687b2dde8]
Event: 94.312 Thread 0x000002768f15f350 1440       3       java.lang.invoke.LambdaForm$DMH/0x0000000800ccc400::invokeInterface (33 bytes)
Event: 94.313 Thread 0x000002768f15f350 nmethod 1440 0x000002768082df90 code [0x000002768082e180, 0x000002768082e9a8]
Event: 94.313 Thread 0x000002768f15f350 1441   !   3       javax.management.remote.rmi.RMIConnectionImpl::getAttribute (145 bytes)
Event: 94.314 Thread 0x000002768f15f350 nmethod 1441 0x000002768082eb90 code [0x000002768082ee80, 0x0000027680830788]
Event: 94.314 Thread 0x000002768f15f350 1442       3       com.sun.jmx.mbeanserver.JmxMBeanServer::getAttribute (16 bytes)
Event: 94.315 Thread 0x000002768f15f350 nmethod 1442 0x0000027680830e10 code [0x0000027680831020, 0x0000027680831728]
Event: 94.380 Thread 0x000002768f15f350 1443       3       java.lang.invoke.LambdaForm$MH/0x0000000800cd4000::invoke (64 bytes)
Event: 94.382 Thread 0x000002768f15f350 nmethod 1443 0x0000027680831a10 code [0x0000027680831ca0, 0x0000027680832a98]
Event: 96.612 Thread 0x000002768f15ea60 1444       4       java.io.ObjectOutputStream$HandleTable::assign (52 bytes)
Event: 96.612 Thread 0x000002768f15f350 1445   !   3       sun.nio.ch.NioSocketImpl::tryWrite (78 bytes)
Event: 96.613 Thread 0x000002768f15f350 nmethod 1445 0x0000027680832e90 code [0x00000276808330a0, 0x00000276808335f8]
Event: 96.613 Thread 0x000002768f15f350 1446       3       java.nio.ByteBuffer::put (69 bytes)
Event: 96.614 Thread 0x000002768f15f350 nmethod 1446 0x0000027680833910 code [0x0000027680833b20, 0x0000027680834198]
Event: 96.614 Thread 0x000002768f15f350 1448   !   3       sun.nio.ch.NioSocketImpl::endWrite (58 bytes)
Event: 96.615 Thread 0x000002768f15f350 nmethod 1448 0x0000027680834410 code [0x00000276808345e0, 0x00000276808349f8]
Event: 96.620 Thread 0x000002768f15ea60 nmethod 1444 0x0000027687b2e310 code [0x0000027687b2e4c0, 0x0000027687b2e858]
Event: 97.618 Thread 0x000002768f15f350 1449       3       sun.nio.ch.NioSocketImpl::park (32 bytes)
Event: 97.619 Thread 0x000002768f15f350 nmethod 1449 0x0000027680834c10 code [0x0000027680834dc0, 0x0000027680834fb8]
Event: 98.764 Thread 0x000002768f15ea60 1450   !   4       java.io.ObjectInputStream$BlockDataInputStream::readUTFSpan (502 bytes)

GC Heap History (0 events):
No events

Deoptimization events (20 events):
Event: 0.749 Thread 0x000002768f153b10 Uncommon trap: trap_request=0xffffffde fr.pc=0x0000027687aea650 relative=0x0000000000000a30
Event: 0.750 Thread 0x000002768f153b10 Uncommon trap: reason=class_check action=maybe_recompile pc=0x0000027687aea650 method=java.util.HashMap.putVal(ILjava/lang/Object;Ljava/lang/Object;ZZ)Ljava/lang/Object; @ 253 c2
Event: 0.750 Thread 0x000002768f153b10 DEOPT PACKING pc=0x0000027687aea650 sp=0x0000008d1a2fe210
Event: 0.750 Thread 0x000002768f153b10 DEOPT UNPACKING pc=0x00000276800523a3 sp=0x0000008d1a2fe168 mode 2
Event: 0.750 Thread 0x000002768f153b10 Uncommon trap: trap_request=0xffffffde fr.pc=0x0000027687aea650 relative=0x0000000000000a30
Event: 0.750 Thread 0x000002768f153b10 Uncommon trap: reason=class_check action=maybe_recompile pc=0x0000027687aea650 method=java.util.HashMap.putVal(ILjava/lang/Object;Ljava/lang/Object;ZZ)Ljava/lang/Object; @ 253 c2
Event: 0.750 Thread 0x000002768f153b10 DEOPT PACKING pc=0x0000027687aea650 sp=0x0000008d1a2fe210
Event: 0.750 Thread 0x000002768f153b10 DEOPT UNPACKING pc=0x00000276800523a3 sp=0x0000008d1a2fe168 mode 2
Event: 0.750 Thread 0x000002768f153b10 Uncommon trap: trap_request=0xffffff45 fr.pc=0x0000027687aea5c8 relative=0x00000000000009a8
Event: 0.750 Thread 0x000002768f153b10 Uncommon trap: reason=unstable_if action=reinterpret pc=0x0000027687aea5c8 method=java.util.HashMap.putVal(ILjava/lang/Object;Ljava/lang/Object;ZZ)Ljava/lang/Object; @ 181 c2
Event: 0.750 Thread 0x000002768f153b10 DEOPT PACKING pc=0x0000027687aea5c8 sp=0x0000008d1a2fe210
Event: 0.750 Thread 0x000002768f153b10 DEOPT UNPACKING pc=0x00000276800523a3 sp=0x0000008d1a2fe168 mode 2
Event: 0.887 Thread 0x000002768f153b10 Uncommon trap: trap_request=0xffffff45 fr.pc=0x0000027687ae6a50 relative=0x00000000000002b0
Event: 0.887 Thread 0x000002768f153b10 Uncommon trap: reason=unstable_if action=reinterpret pc=0x0000027687ae6a50 method=java.util.StringTokenizer.scanToken(I)I @ 96 c2
Event: 0.887 Thread 0x000002768f153b10 DEOPT PACKING pc=0x0000027687ae6a50 sp=0x0000008d1a2fed90
Event: 0.887 Thread 0x000002768f153b10 DEOPT UNPACKING pc=0x00000276800523a3 sp=0x0000008d1a2fed20 mode 2
Event: 4.155 Thread 0x00000276f1e910d0 Uncommon trap: trap_request=0xffffff45 fr.pc=0x0000027687afffc8 relative=0x0000000000000048
Event: 4.155 Thread 0x00000276f1e910d0 Uncommon trap: reason=unstable_if action=reinterpret pc=0x0000027687afffc8 method=java.lang.CharacterData.of(I)Ljava/lang/CharacterData; @ 4 c2
Event: 4.155 Thread 0x00000276f1e910d0 DEOPT PACKING pc=0x0000027687afffc8 sp=0x0000008d198fe7f0
Event: 4.155 Thread 0x00000276f1e910d0 DEOPT UNPACKING pc=0x00000276800523a3 sp=0x0000008d198fe790 mode 2

Classes loaded (20 events):
Event: 1.248 Loading class sun/reflect/misc/MethodUtil$1
Event: 1.248 Loading class sun/reflect/misc/MethodUtil$1 done
Event: 1.250 Loading class java/security/AllPermissionCollection
Event: 1.250 Loading class java/security/AllPermissionCollection done
Event: 1.251 Loading class java/lang/UnsupportedOperationException
Event: 1.251 Loading class java/lang/UnsupportedOperationException done
Event: 2.142 Loading class java/lang/NumberFormatException
Event: 2.142 Loading class java/lang/NumberFormatException done
Event: 2.154 Loading class javax/management/openmbean/CompositeDataSupport
Event: 2.155 Loading class javax/management/openmbean/CompositeDataSupport done
Event: 2.156 Loading class javax/management/openmbean/OpenDataException
Event: 2.157 Loading class javax/management/openmbean/OpenDataException done
Event: 2.166 Loading class java/io/ObjectStreamException
Event: 2.167 Loading class java/io/ObjectStreamException done
Event: 4.154 Loading class java/util/regex/Matcher$ImmutableMatchResult
Event: 4.154 Loading class java/util/regex/Matcher$ImmutableMatchResult done
Event: 13.984 Loading class java/lang/invoke/MethodHandle$1
Event: 13.985 Loading class java/lang/invoke/MethodHandle$1 done
Event: 21.897 Loading class java/util/regex/Pattern$1
Event: 21.897 Loading class java/util/regex/Pattern$1 done

Classes unloaded (0 events):
No events

Classes redefined (0 events):
No events

Internal exceptions (20 events):
Event: 0.695 Thread 0x000002768f153b10 Exception <a 'java/lang/NoSuchMethodError'{0x00000000a7b193f8}: 'int java.lang.invoke.DirectMethodHandle$Holder.invokeInterface(java.lang.Object, java.lang.Object)'> (0x00000000a7b193f8) 
thrown [s\open\src\hotspot\share\interpreter\linkResolver.cpp, line 759]
Event: 0.696 Thread 0x000002768f153b10 Exception <a 'java/lang/IncompatibleClassChangeError'{0x00000000a7b1c8d8}: Found class java.lang.Object, but interface was expected> (0x00000000a7b1c8d8) 
thrown [s\open\src\hotspot\share\interpreter\linkResolver.cpp, line 826]
Event: 0.792 Thread 0x000002768f153b10 Exception <a 'java/lang/NoSuchMethodError'{0x00000000a7beb1e0}: 'int java.lang.invoke.DirectMethodHandle$Holder.invokeSpecial(java.lang.Object, java.lang.Object, java.lang.Object)'> (0x00000000a7beb1e0) 
thrown [s\open\src\hotspot\share\interpreter\linkResolver.cpp, line 759]
Event: 0.944 Thread 0x000002768f153b10 Exception <a 'java/lang/NoSuchMethodError'{0x00000000a798b7d0}: 'java.lang.Object java.lang.invoke.DirectMethodHandle$Holder.invokeStaticInit(java.lang.Object, int, int, int, int)'> (0x00000000a798b7d0) 
thrown [s\open\src\hotspot\share\interpreter\linkResolver.cpp, line 759]
Event: 1.007 Thread 0x000002768f153b10 Exception <a 'java/lang/NoSuchMethodError'{0x00000000a786bd90}: 'java.lang.Object java.lang.invoke.DirectMethodHandle$Holder.invokeStaticInit(java.lang.Object, java.lang.Object, int, int, int, int)'> (0x00000000a786bd90) 
thrown [s\open\src\hotspot\share\interpreter\linkResolver.cpp, line 759]
Event: 1.044 Thread 0x000002768f153b10 Exception <a 'java/lang/ClassNotFoundException'{0x00000000a788b620}: javax/management/remote/rmi/RMIServerImpl_Skel> (0x00000000a788b620) 
thrown [s\open\src\hotspot\share\classfile\systemDictionary.cpp, line 255]
Event: 1.077 Thread 0x000002768f153b10 Exception <a 'java/lang/NoSuchMethodError'{0x00000000a78a5948}: 'long java.lang.invoke.DirectMethodHandle$Holder.invokeSpecial(java.lang.Object, java.lang.Object)'> (0x00000000a78a5948) 
thrown [s\open\src\hotspot\share\interpreter\linkResolver.cpp, line 759]
Event: 1.077 Thread 0x000002768f153b10 Exception <a 'java/lang/NoSuchMethodError'{0x00000000a78a9288}: 'long java.lang.invoke.Invokers$Holder.invokeExact_MT(java.lang.Object, java.lang.Object)'> (0x00000000a78a9288) 
thrown [s\open\src\hotspot\share\interpreter\linkResolver.cpp, line 759]
Event: 1.090 Thread 0x000002768f153b10 Exception <a 'java/lang/NoSuchMethodError'{0x00000000a78c1fe0}: 'void java.lang.invoke.DirectMethodHandle$Holder.invokeSpecial(java.lang.Object, java.lang.Object, java.lang.Object)'> (0x00000000a78c1fe0) 
thrown [s\open\src\hotspot\share\interpreter\linkResolver.cpp, line 759]
Event: 1.184 Thread 0x0000027693bf7fe0 Exception <a 'java/lang/NoSuchMethodError'{0x00000000a7768af0}: static [B.<clinit>()V> (0x00000000a7768af0) 
thrown [s\open\src\hotspot\share\prims\jni.cpp, line 1104]
Event: 1.188 Thread 0x0000027693bf7fe0 Exception <a 'java/lang/NoSuchMethodError'{0x00000000a776a838}: 'java.lang.Object java.lang.invoke.DirectMethodHandle$Holder.invokeInterface(java.lang.Object, java.lang.Object, java.lang.Object)'> (0x00000000a776a838) 
thrown [s\open\src\hotspot\share\interpreter\linkResolver.cpp, line 759]
Event: 1.206 Thread 0x0000027693bf7fe0 Exception <a 'java/lang/ClassNotFoundException'{0x00000000a7607bb0}: javax/management/remote/rmi/RMIConnectionImpl_Skel> (0x00000000a7607bb0) 
thrown [s\open\src\hotspot\share\classfile\systemDictionary.cpp, line 255]
Event: 1.207 Thread 0x0000027693bf5b60 Exception <a 'java/lang/NoSuchMethodError'{0x00000000a7693b60}: 'java.lang.Object java.lang.invoke.Invokers$Holder.linkToTargetMethod(java.lang.Object, long, java.lang.Object)'> (0x00000000a7693b60) 
thrown [s\open\src\hotspot\share\interpreter\linkResolver.cpp, line 759]
Event: 1.221 Thread 0x0000027693bf7fe0 Exception <a 'java/lang/NoSuchMethodError'{0x00000000a762a428}: 'java.lang.Object java.lang.invoke.DirectMethodHandle$Holder.invokeInterface(java.lang.Object, java.lang.Object)'> (0x00000000a762a428) 
thrown [s\open\src\hotspot\share\interpreter\linkResolver.cpp, line 759]
Event: 1.232 Thread 0x0000027693bf7fe0 Exception <a 'java/lang/NoSuchMethodError'{0x00000000a764df20}: 'int java.lang.invoke.DelegatingMethodHandle$Holder.reinvoke_L(java.lang.Object, java.lang.Object, java.lang.Object, java.lang.Object, java.lang.Object)'> (0x00000000a764df20) 
thrown [s\open\src\hotspot\share\interpreter\linkResolver.cpp, line 759]
Event: 1.244 Thread 0x0000027693bf7fe0 Exception <a 'java/lang/NoSuchMethodError'{0x00000000a7669438}: 'java.lang.Object java.lang.invoke.DirectMethodHandle$Holder.invokeInterface(java.lang.Object, java.lang.Object, java.lang.Object, java.lang.Object, java.lang.Object)'> (0x00000000a7669438) 
thrown [s\open\src\hotspot\share\interpreter\linkResolver.cpp, line 759]
Event: 1.254 Thread 0x0000027693bf7fe0 Exception <a 'java/lang/NoSuchMethodError'{0x00000000a75084d0}: 'double java.lang.invoke.DirectMethodHandle$Holder.invokeInterface(java.lang.Object, java.lang.Object)'> (0x00000000a75084d0) 
thrown [s\open\src\hotspot\share\interpreter\linkResolver.cpp, line 759]
Event: 1.255 Thread 0x0000027693bf7fe0 Exception <a 'java/lang/NoSuchMethodError'{0x00000000a75101f0}: 'double java.lang.invoke.DelegatingMethodHandle$Holder.reinvoke_L(java.lang.Object, java.lang.Object)'> (0x00000000a75101f0) 
thrown [s\open\src\hotspot\share\interpreter\linkResolver.cpp, line 759]
Event: 2.151 Thread 0x0000027693bf7fe0 Exception <a 'java/lang/NoSuchMethodError'{0x00000000a752e6f8}: 'long java.lang.invoke.DirectMethodHandle$Holder.invokeVirtual(java.lang.Object, java.lang.Object)'> (0x00000000a752e6f8) 
thrown [s\open\src\hotspot\share\interpreter\linkResolver.cpp, line 759]
Event: 2.152 Thread 0x0000027693bf7fe0 Exception <a 'java/lang/NoSuchMethodError'{0x00000000a7531f10}: 'long java.lang.invoke.DelegatingMethodHandle$Holder.reinvoke_L(java.lang.Object, java.lang.Object)'> (0x00000000a7531f10) 
thrown [s\open\src\hotspot\share\interpreter\linkResolver.cpp, line 759]

VM Operations (20 events):
Event: 50.590 Executing VM operation: Cleanup
Event: 50.590 Executing VM operation: Cleanup done
Event: 51.600 Executing VM operation: Cleanup
Event: 51.600 Executing VM operation: Cleanup done
Event: 61.685 Executing VM operation: Cleanup
Event: 61.685 Executing VM operation: Cleanup done
Event: 71.764 Executing VM operation: Cleanup
Event: 71.764 Executing VM operation: Cleanup done
Event: 77.810 Executing VM operation: Cleanup
Event: 77.810 Executing VM operation: Cleanup done
Event: 79.816 Executing VM operation: Cleanup
Event: 79.816 Executing VM operation: Cleanup done
Event: 85.846 Executing VM operation: Cleanup
Event: 85.846 Executing VM operation: Cleanup done
Event: 86.855 Executing VM operation: Cleanup
Event: 86.855 Executing VM operation: Cleanup done
Event: 91.887 Executing VM operation: Cleanup
Event: 91.887 Executing VM operation: Cleanup done
Event: 94.894 Executing VM operation: Cleanup
Event: 94.894 Executing VM operation: Cleanup done

Events (20 events):
Event: 0.075 Thread 0x000002768f15ce70 Thread added: 0x000002768f15ce70
Event: 0.076 Thread 0x000002768f15ea60 Thread added: 0x000002768f15ea60
Event: 0.076 Thread 0x000002768f15f350 Thread added: 0x000002768f15f350
Event: 0.076 Thread 0x000002768f15fc40 Thread added: 0x000002768f15fc40
Event: 0.114 Thread 0x0000027693470cf0 Thread added: 0x0000027693470cf0
Event: 0.156 Loaded shared library C:\Program Files\Java\jdk-18.0.2.1\bin\zip.dll
Event: 0.162 Loaded shared library C:\Program Files\Java\jdk-18.0.2.1\bin\instrument.dll
Event: 0.172 Loaded shared library C:\Program Files\Java\jdk-18.0.2.1\bin\net.dll
Event: 0.174 Loaded shared library C:\Program Files\Java\jdk-18.0.2.1\bin\nio.dll
Event: 0.182 Loaded shared library C:\Program Files\Java\jdk-18.0.2.1\bin\zip.dll
Event: 0.204 Loaded shared library C:\Program Files\JetBrains\IntelliJ IDEA 2024.3.2.2\bin\breakgen64.dll
Event: 0.206 Thread 0x0000027693508190 Thread added: 0x0000027693508190
Event: 0.206 Thread 0x0000027693508a50 Thread added: 0x0000027693508a50
Event: 0.241 Loaded shared library C:\Program Files\Java\jdk-18.0.2.1\bin\jimage.dll
Event: 0.659 Loaded shared library C:\Program Files\Java\jdk-18.0.2.1\bin\management.dll
Event: 0.686 Loaded shared library C:\Program Files\Java\jdk-18.0.2.1\bin\management_ext.dll
Event: 1.061 Thread 0x00000276937cb050 Thread added: 0x00000276937cb050
Event: 1.143 Thread 0x0000027693bf7fe0 Thread added: 0x0000027693bf7fe0
Event: 1.182 Thread 0x0000027693becfe0 Thread added: 0x0000027693becfe0
Event: 1.201 Thread 0x0000027693bf5b60 Thread added: 0x0000027693bf5b60


Dynamic libraries:
0x00007ff710dc0000 - 0x00007ff710dd0000 	C:\Program Files\Java\jdk-18.0.2.1\bin\java.exe
0x00007ffa0b330000 - 0x00007ffa0b547000 	C:\WINDOWS\SYSTEM32\ntdll.dll
0x00007ffa09960000 - 0x00007ffa09a24000 	C:\WINDOWS\System32\KERNEL32.DLL
0x00007ffa08ab0000 - 0x00007ffa08e80000 	C:\WINDOWS\System32\KERNELBASE.dll
0x00007ffa08680000 - 0x00007ffa08791000 	C:\WINDOWS\System32\ucrtbase.dll
0x00007ffa02ff0000 - 0x00007ffa0300a000 	C:\Program Files\Java\jdk-18.0.2.1\bin\VCRUNTIME140.dll
0x00007ffa03050000 - 0x00007ffa03068000 	C:\Program Files\Java\jdk-18.0.2.1\bin\jli.dll
0x00007ffa098a0000 - 0x00007ffa09951000 	C:\WINDOWS\System32\ADVAPI32.dll
0x00007ffa09370000 - 0x00007ffa09417000 	C:\WINDOWS\System32\msvcrt.dll
0x00007ffa0a9e0000 - 0x00007ffa0aa87000 	C:\WINDOWS\System32\sechost.dll
0x00007ffa08820000 - 0x00007ffa08848000 	C:\WINDOWS\System32\bcrypt.dll
0x00007ffa0aaa0000 - 0x00007ffa0abb4000 	C:\WINDOWS\System32\RPCRT4.dll
0x00007ffa0abc0000 - 0x00007ffa0ad6e000 	C:\WINDOWS\System32\USER32.dll
0x00007ffa08910000 - 0x00007ffa08936000 	C:\WINDOWS\System32\win32u.dll
0x00007ff9ecf60000 - 0x00007ff9ed1f2000 	C:\WINDOWS\WinSxS\amd64_microsoft.windows.common-controls_6595b64144ccf1df_6.0.22621.4830_none_270fe7d773858e80\COMCTL32.dll
0x00007ffa09cd0000 - 0x00007ffa09cf9000 	C:\WINDOWS\System32\GDI32.dll
0x00007ffa08e80000 - 0x00007ffa08f9b000 	C:\WINDOWS\System32\gdi32full.dll
0x00007ffa085e0000 - 0x00007ffa0867a000 	C:\WINDOWS\System32\msvcp_win.dll
0x00007ff9ff670000 - 0x00007ff9ff67a000 	C:\WINDOWS\SYSTEM32\VERSION.dll
0x00007ffa0b2b0000 - 0x00007ffa0b2e1000 	C:\WINDOWS\System32\IMM32.DLL
0x00007ffa04200000 - 0x00007ffa0420c000 	C:\Program Files\Java\jdk-18.0.2.1\bin\vcruntime140_1.dll
0x00007ff9ff1d0000 - 0x00007ff9ff25d000 	C:\Program Files\Java\jdk-18.0.2.1\bin\msvcp140.dll
0x00007ff9bdb30000 - 0x00007ff9be741000 	C:\Program Files\Java\jdk-18.0.2.1\bin\server\jvm.dll
0x00007ffa0aa90000 - 0x00007ffa0aa98000 	C:\WINDOWS\System32\PSAPI.DLL
0x00007ffa02e10000 - 0x00007ffa02e44000 	C:\WINDOWS\SYSTEM32\WINMM.dll
0x00007ffa04230000 - 0x00007ffa04239000 	C:\WINDOWS\SYSTEM32\WSOCK32.dll
0x00007ffa09a80000 - 0x00007ffa09af1000 	C:\WINDOWS\System32\WS2_32.dll
0x00007ffa07620000 - 0x00007ffa07638000 	C:\WINDOWS\SYSTEM32\kernel.appcore.dll
0x00007ffa03040000 - 0x00007ffa0304a000 	C:\Program Files\Java\jdk-18.0.2.1\bin\jimage.dll
0x00007ffa05fd0000 - 0x00007ffa06202000 	C:\WINDOWS\SYSTEM32\DBGHELP.DLL
0x00007ffa0ad70000 - 0x00007ffa0b100000 	C:\WINDOWS\System32\combase.dll
0x00007ffa09ff0000 - 0x00007ffa0a0c7000 	C:\WINDOWS\System32\OLEAUT32.dll
0x00007ff9f6cf0000 - 0x00007ff9f6d22000 	C:\WINDOWS\SYSTEM32\dbgcore.DLL
0x00007ffa087a0000 - 0x00007ffa0881b000 	C:\WINDOWS\System32\bcryptPrimitives.dll
0x00007ffa02f90000 - 0x00007ffa02f9e000 	C:\Program Files\Java\jdk-18.0.2.1\bin\instrument.dll
0x00007ffa004d0000 - 0x00007ffa004f5000 	C:\Program Files\Java\jdk-18.0.2.1\bin\java.dll
0x00007ff9e4ba0000 - 0x00007ff9e4c76000 	C:\Program Files\Java\jdk-18.0.2.1\bin\jsvml.dll
0x00007ffa0a160000 - 0x00007ffa0a9d8000 	C:\WINDOWS\System32\SHELL32.dll
0x00007ffa06530000 - 0x00007ffa06e40000 	C:\WINDOWS\SYSTEM32\windows.storage.dll
0x00007ffa063f0000 - 0x00007ffa0652f000 	C:\WINDOWS\SYSTEM32\wintypes.dll
0x00007ffa09d00000 - 0x00007ffa09e0a000 	C:\WINDOWS\System32\SHCORE.dll
0x00007ffa09020000 - 0x00007ffa0907e000 	C:\WINDOWS\System32\shlwapi.dll
0x00007ffa08510000 - 0x00007ffa0853b000 	C:\WINDOWS\SYSTEM32\profapi.dll
0x00007ff9ff1b0000 - 0x00007ff9ff1c8000 	C:\Program Files\Java\jdk-18.0.2.1\bin\zip.dll
0x00007ffa024f0000 - 0x00007ffa02503000 	C:\Program Files\Java\jdk-18.0.2.1\bin\net.dll
0x00007ffa02c30000 - 0x00007ffa02d5c000 	C:\WINDOWS\SYSTEM32\WINHTTP.dll
0x00007ffa07aa0000 - 0x00007ffa07b0a000 	C:\WINDOWS\system32\mswsock.dll
0x00007ff9ffa40000 - 0x00007ff9ffa56000 	C:\Program Files\Java\jdk-18.0.2.1\bin\nio.dll
0x00007ff9ff190000 - 0x00007ff9ff1aa000 	C:\Program Files\JetBrains\IntelliJ IDEA 2024.3.2.2\bin\breakgen64.dll
0x00007ffa07110000 - 0x00007ffa07212000 	C:\WINDOWS\SYSTEM32\DNSAPI.dll
0x00007ffa070e0000 - 0x00007ffa0710d000 	C:\WINDOWS\SYSTEM32\IPHLPAPI.DLL
0x00007ffa09ea0000 - 0x00007ffa09ea9000 	C:\WINDOWS\System32\NSI.dll
0x00007ff9fb090000 - 0x00007ff9fb09a000 	C:\Windows\System32\rasadhlp.dll
0x00007ffa02680000 - 0x00007ffa02703000 	C:\WINDOWS\System32\fwpuclnt.dll
0x00007ffa02f80000 - 0x00007ffa02f89000 	C:\Program Files\Java\jdk-18.0.2.1\bin\management.dll
0x00007ffa02e50000 - 0x00007ffa02e5b000 	C:\Program Files\Java\jdk-18.0.2.1\bin\management_ext.dll
0x00007ffa07d00000 - 0x00007ffa07d1b000 	C:\WINDOWS\SYSTEM32\CRYPTSP.dll
0x00007ffa07580000 - 0x00007ffa075b5000 	C:\WINDOWS\system32\rsaenh.dll
0x00007ffa07b90000 - 0x00007ffa07bb8000 	C:\WINDOWS\SYSTEM32\USERENV.dll
0x00007ffa07cf0000 - 0x00007ffa07cfc000 	C:\WINDOWS\SYSTEM32\CRYPTBASE.dll
0x00007ffa02bf0000 - 0x00007ffa02c09000 	C:\WINDOWS\SYSTEM32\dhcpcsvc6.DLL
0x00007ffa02af0000 - 0x00007ffa02b0f000 	C:\WINDOWS\SYSTEM32\dhcpcsvc.DLL
0x00007ff9eafd0000 - 0x00007ff9eafe7000 	C:\WINDOWS\system32\napinsp.dll
0x00007ff9eb210000 - 0x00007ff9eb22b000 	C:\WINDOWS\system32\pnrpnsp.dll
0x00007ff9eb230000 - 0x00007ff9eb241000 	C:\WINDOWS\System32\winrnr.dll
0x00007ffa030c0000 - 0x00007ffa030d5000 	C:\WINDOWS\system32\wshbth.dll
0x00007ff9ffb90000 - 0x00007ff9ffbb7000 	C:\WINDOWS\system32\nlansp_c.dll
0x00007ff9f0920000 - 0x00007ff9f0970000 	C:\WINDOWS\SYSTEM32\pdh.dll
0x00007ffa04210000 - 0x00007ffa04221000 	C:\WINDOWS\System32\perfproc.dll
0x00007ff9f0780000 - 0x00007ff9f0790000 	C:\WINDOWS\System32\perfos.dll
0x00007ffa05840000 - 0x00007ffa05850000 	C:\WINDOWS\SYSTEM32\pfclient.dll

dbghelp: loaded successfully - version: 4.0.5 - missing functions: none
symbol engine: initialized successfully - sym options: 0x614 - pdb path: .;C:\Program Files\Java\jdk-18.0.2.1\bin;C:\WINDOWS\SYSTEM32;C:\WINDOWS\WinSxS\amd64_microsoft.windows.common-controls_6595b64144ccf1df_6.0.22621.4830_none_270fe7d773858e80;C:\Program Files\Java\jdk-18.0.2.1\bin\server;C:\Program Files\JetBrains\IntelliJ IDEA 2024.3.2.2\bin

VM Arguments:
jvm_args: -javaagent:C:\Program Files\JetBrains\IntelliJ IDEA 2024.3.2.2\lib\idea_rt.jar=55620:C:\Program Files\JetBrains\IntelliJ IDEA 2024.3.2.2\bin -Dfile.encoding=UTF-8 -Dsun.stdout.encoding=UTF-8 -Dsun.stderr.encoding=UTF-8 
java_command: ReportingIO
java_class_path (initial): C:\Users\thoma\IdeaProjects\CSC1036_coursework_pt1_2024_ThomasWilcox\out\production\CSC1036_coursework_pt1_2024_ThomasWilcox
Launcher Type: SUN_STANDARD

[Global flags]
     intx CICompilerCount                          = 4                                         {product} {ergonomic}
     uint ConcGCThreads                            = 3                                         {product} {ergonomic}
     uint G1ConcRefinementThreads                  = 10                                        {product} {ergonomic}
   size_t G1HeapRegionSize                         = 1048576                                   {product} {ergonomic}
    uintx GCDrainStackTargetSize                   = 64                                        {product} {ergonomic}
   size_t InitialHeapSize                          = 98566144                                  {product} {ergonomic}
   size_t MarkStackSize                            = 4194304                                   {product} {ergonomic}
   size_t MaxHeapSize                              = 1574961152                                {product} {ergonomic}
   size_t MaxNewSize                               = 944766976                                 {product} {ergonomic}
   size_t MinHeapDeltaBytes                        = 1048576                                   {product} {ergonomic}
   size_t MinHeapSize                              = 8388608                                   {product} {ergonomic}
    uintx NonNMethodCodeHeapSize                   = 5839372                                {pd product} {ergonomic}
    uintx NonProfiledCodeHeapSize                  = 122909434                              {pd product} {ergonomic}
    uintx ProfiledCodeHeapSize                     = 122909434                              {pd product} {ergonomic}
    uintx ReservedCodeCacheSize                    = 251658240                              {pd product} {ergonomic}
     bool SegmentedCodeCache                       = true                                      {product} {ergonomic}
   size_t SoftMaxHeapSize                          = 1574961152                             {manageable} {ergonomic}
     bool UseCompressedClassPointers               = true                           {product lp64_product} {ergonomic}
     bool UseCompressedOops                        = true                           {product lp64_product} {ergonomic}
     bool UseG1GC                                  = true                                      {product} {ergonomic}
     bool UseLargePagesIndividualAllocation        = false                                  {pd product} {ergonomic}

Logging:
Log output configuration:
 #0: stdout all=warning uptime,level,tags foldmultilines=false
 #1: stderr all=off uptime,level,tags foldmultilines=false

Environment Variables:
PATH=C:\Program Files\Common Files\Oracle\Java\javapath;C:\WINDOWS\system32;C:\WINDOWS;C:\WINDOWS\System32\Wbem;C:\WINDOWS\System32\WindowsPowerShell\v1.0\;C:\WINDOWS\System32\OpenSSH\;C:\Program Files\nodejs\;C:\Program Files\dotnet\;C:\Program Files\Git\cmd;C:\Users\thoma\.cargo\bin;C:\Users\thoma\AppData\Local\Programs\Python\Python310\Scripts\;C:\Users\thoma\AppData\Local\Programs\Python\Python310\;C:\Users\thoma\AppData\Local\Microsoft\WindowsApps;C:\Users\thoma\AppData\Local\Programs\Microsoft VS Code\bin;C:\Users\thoma\AppData\Roaming\npm;C:\Users\thoma\.deno\bin;C:\Users\thoma\AppData\Local\Microsoft\WindowsApps;C:\Users\thoma\.dotnet\tools;C:\Users\thoma\AppData\Local\JetBrains\Toolbox\scripts;C:\msys64\ucrt64\bin;
USERNAME=thoma
OS=Windows_NT
PROCESSOR_IDENTIFIER=AMD64 Family 23 Model 104 Stepping 1, AuthenticAMD



---------------  S Y S T E M  ---------------

OS:
 Windows 11 , 64 bit Build 22621 (10.0.22621.4830)
OS uptime: 15 days 19:58 hours

CPU: total 12 (initial active 12) (12 cores per cpu, 2 threads per core) family 23 model 104 stepping 1 microcode 0x0, cx8, cmov, fxsr, ht, mmx, 3dnowpref, sse, sse2, sse3, ssse3, sse4a, sse4.1, sse4.2, popcnt, lzcnt, tsc, tscinvbit, avx, avx2, aes, clmul, bmi1, bmi2, adx, sha, fma, vzeroupper, clflush, clflushopt

Memory: 4k page, system-wide physical 6005M (298M free)
TotalPageFile size 24437M (AvailPageFile size 0M)
current process WorkingSet (physical memory assigned to process): 47M, peak: 66M
current process commit charge ("private bytes"): 192M, peak: 196M

vm_info: Java HotSpot(TM) 64-Bit Server VM (18.0.2.1+1-1) for windows-amd64 JRE (18.0.2.1+1-1), built on Aug 16 2022 01:46:33 by "mach5one" with MS VC++ 16.8 / 16.9 (VS2019)

END.
